./Assets/16_Zambla.png.meta
./Assets/Rody1/levels.rody.meta
./Assets/Rody1/rody.txt.meta
./Assets/Rody1/Sprites/0.png.meta
./Assets/Rody1/Sprites/1.1.png.meta
./Assets/Rody1/Sprites/1.2.png.meta
./Assets/Rody1/Sprites/1.3.png.meta
./Assets/Rody1/Sprites/1.4.png.meta
./Assets/Rody1/Sprites/10.1.png.meta
./Assets/Rody1/Sprites/10.2.png.meta
./Assets/Rody1/Sprites/10.3.png.meta
./Assets/Rody1/Sprites/10.4.png.meta
./Assets/Rody1/Sprites/11.1.png.meta
./Assets/Rody1/Sprites/11.2.png.meta
./Assets/Rody1/Sprites/11.3.png.meta
./Assets/Rody1/Sprites/11.4.png.meta
./Assets/Rody1/Sprites/12.1.png.meta
./Assets/Rody1/Sprites/12.2.png.meta
./Assets/Rody1/Sprites/12.3.png.meta
./Assets/Rody1/Sprites/12.4.png.meta
./Assets/Rody1/Sprites/13.1.png.meta
./Assets/Rody1/Sprites/13.2.png.meta
./Assets/Rody1/Sprites/13.3.png.meta
./Assets/Rody1/Sprites/13.4.png.meta
./Assets/Rody1/Sprites/14.1.png.meta
./Assets/Rody1/Sprites/14.2.png.meta
./Assets/Rody1/Sprites/14.3.png.meta
./Assets/Rody1/Sprites/14.4.png.meta
./Assets/Rody1/Sprites/15.1.png.meta
./Assets/Rody1/Sprites/15.2.png.meta
./Assets/Rody1/Sprites/15.3.png.meta
./Assets/Rody1/Sprites/15.4.png.meta
./Assets/Rody1/Sprites/16.1.png.meta
./Assets/Rody1/Sprites/16.2.png.meta
./Assets/Rody1/Sprites/16.3.png.meta
./Assets/Rody1/Sprites/16.4.png.meta
./Assets/Rody1/Sprites/17.1.png.meta
./Assets/Rody1/Sprites/17.2.png.meta
./Assets/Rody1/Sprites/17.3.png.meta
./Assets/Rody1/Sprites/17.4.png.meta
./Assets/Rody1/Sprites/2.1.png.meta
./Assets/Rody1/Sprites/2.2.png.meta
./Assets/Rody1/Sprites/2.3.png.meta
./Assets/Rody1/Sprites/2.4.png.meta
./Assets/Rody1/Sprites/3.1.png.meta
./Assets/Rody1/Sprites/3.2.png.meta
./Assets/Rody1/Sprites/3.3.png.meta
./Assets/Rody1/Sprites/3.4.png.meta
./Assets/Rody1/Sprites/4.1.png.meta
./Assets/Rody1/Sprites/4.2.png.meta
./Assets/Rody1/Sprites/4.3.png.meta
./Assets/Rody1/Sprites/4.4.png.meta
./Assets/Rody1/Sprites/5.1.png.meta
./Assets/Rody1/Sprites/5.2.png.meta
./Assets/Rody1/Sprites/5.3.png.meta
./Assets/Rody1/Sprites/5.4.png.meta
./Assets/Rody1/Sprites/6.1.png.meta
./Assets/Rody1/Sprites/6.2.png.meta
./Assets/Rody1/Sprites/6.3.png.meta
./Assets/Rody1/Sprites/6.4.png.meta
./Assets/Rody1/Sprites/7.1.png.meta
./Assets/Rody1/Sprites/7.2.png.meta
./Assets/Rody1/Sprites/7.3.png.meta
./Assets/Rody1/Sprites/7.4.png.meta
./Assets/Rody1/Sprites/8.1.png.meta
./Assets/Rody1/Sprites/8.2.png.meta
./Assets/Rody1/Sprites/8.3.png.meta
./Assets/Rody1/Sprites/8.4.png.meta
./Assets/Rody1/Sprites/9.1.png.meta
./Assets/Rody1/Sprites/9.2.png.meta
./Assets/Rody1/Sprites/9.3.png.meta
./Assets/Rody1/Sprites/9.4.png.meta
./Assets/RodyAIbiza/levels.rody.meta
./Assets/RodyAIbiza/Sprites/0.png.meta
./Assets/RodyAIbiza/Sprites/1.1.png.meta
./Assets/RodyAIbiza/Sprites/1.2.png.meta
./Assets/RodyAIbiza/Sprites/1.3.png.meta
./Assets/RodyAIbiza/Sprites/1.4.png.meta
./Assets/RodyAIbiza/Sprites/10.1.png.meta
./Assets/RodyAIbiza/Sprites/10.2.png.meta
./Assets/RodyAIbiza/Sprites/10.3.png.meta
./Assets/RodyAIbiza/Sprites/10.4.png.meta
./Assets/RodyAIbiza/Sprites/11.1.png.meta
./Assets/RodyAIbiza/Sprites/11.2.png.meta
./Assets/RodyAIbiza/Sprites/11.3.png.meta
./Assets/RodyAIbiza/Sprites/11.4.png.meta
./Assets/RodyAIbiza/Sprites/12.1.png.meta
./Assets/RodyAIbiza/Sprites/12.2.png.meta
./Assets/RodyAIbiza/Sprites/12.3.png.meta
./Assets/RodyAIbiza/Sprites/12.4.png.meta
./Assets/RodyAIbiza/Sprites/13.1.png.meta
./Assets/RodyAIbiza/Sprites/13.2.png.meta
./Assets/RodyAIbiza/Sprites/13.3.png.meta
./Assets/RodyAIbiza/Sprites/13.4.png.meta
./Assets/RodyAIbiza/Sprites/14.1.png.meta
./Assets/RodyAIbiza/Sprites/14.2.png.meta
./Assets/RodyAIbiza/Sprites/14.3.png.meta
./Assets/RodyAIbiza/Sprites/14.4.png.meta
./Assets/RodyAIbiza/Sprites/15.1.png.meta
./Assets/RodyAIbiza/Sprites/15.2.png.meta
./Assets/RodyAIbiza/Sprites/15.3.png.meta
./Assets/RodyAIbiza/Sprites/15.4.png.meta
./Assets/RodyAIbiza/Sprites/16.1.png.meta
./Assets/RodyAIbiza/Sprites/16.2.png.meta
./Assets/RodyAIbiza/Sprites/16.3.png.meta
./Assets/RodyAIbiza/Sprites/16.4.png.meta
./Assets/RodyAIbiza/Sprites/17.1.png.meta
./Assets/RodyAIbiza/Sprites/17.2.png.meta
./Assets/RodyAIbiza/Sprites/17.3.png.meta
./Assets/RodyAIbiza/Sprites/17.4.png.meta
./Assets/RodyAIbiza/Sprites/2.1.png.meta
./Assets/RodyAIbiza/Sprites/2.2.png.meta
./Assets/RodyAIbiza/Sprites/2.3.png.meta
./Assets/RodyAIbiza/Sprites/2.4.png.meta
./Assets/RodyAIbiza/Sprites/3.1.png.meta
./Assets/RodyAIbiza/Sprites/3.2.png.meta
./Assets/RodyAIbiza/Sprites/3.3.png.meta
./Assets/RodyAIbiza/Sprites/3.4.png.meta
./Assets/RodyAIbiza/Sprites/4.1.png.meta
./Assets/RodyAIbiza/Sprites/4.2.png.meta
./Assets/RodyAIbiza/Sprites/4.3.png.meta
./Assets/RodyAIbiza/Sprites/4.4.png.meta
./Assets/RodyAIbiza/Sprites/5.1.png.meta
./Assets/RodyAIbiza/Sprites/5.2.png.meta
./Assets/RodyAIbiza/Sprites/5.3.png.meta
./Assets/RodyAIbiza/Sprites/5.4.png.meta
./Assets/RodyAIbiza/Sprites/6.1.png.meta
./Assets/RodyAIbiza/Sprites/6.2.png.meta
./Assets/RodyAIbiza/Sprites/6.3.png.meta
./Assets/RodyAIbiza/Sprites/6.4.png.meta
./Assets/RodyAIbiza/Sprites/7.1.png.meta
./Assets/RodyAIbiza/Sprites/7.2.png.meta
./Assets/RodyAIbiza/Sprites/7.3.png.meta
./Assets/RodyAIbiza/Sprites/7.4.png.meta
./Assets/RodyAIbiza/Sprites/8.1.png.meta
./Assets/RodyAIbiza/Sprites/8.2.png.meta
./Assets/RodyAIbiza/Sprites/8.3.png.meta
./Assets/RodyAIbiza/Sprites/8.4.png.meta
./Assets/RodyAIbiza/Sprites/9.1.png.meta
./Assets/RodyAIbiza/Sprites/9.2.png.meta
./Assets/RodyAIbiza/Sprites/9.3.png.meta
./Assets/RodyAIbiza/Sprites/9.4.png.meta
./Assets/RodyBase/levels.rody.meta
./Assets/RodyBase/rody.txt.meta
./Assets/RodyBase/Sprites/0.png.meta
./Assets/RodyBase/Sprites/1.1.png.meta
./Assets/RodyBase/Sprites/1.2.png.meta
./Assets/RodyBase/Sprites/1.3.png.meta
./Assets/RodyBase/Sprites/1.4.png.meta
./Assets/RodyBase/Sprites/10.1.png.meta
./Assets/RodyBase/Sprites/10.2.png.meta
./Assets/RodyBase/Sprites/10.3.png.meta
./Assets/RodyBase/Sprites/10.4.png.meta
./Assets/RodyBase/Sprites/11.1.png.meta
./Assets/RodyBase/Sprites/11.2.png.meta
./Assets/RodyBase/Sprites/11.3.png.meta
./Assets/RodyBase/Sprites/11.4.png.meta
./Assets/RodyBase/Sprites/12.1.png.meta
./Assets/RodyBase/Sprites/12.2.png.meta
./Assets/RodyBase/Sprites/12.3.png.meta
./Assets/RodyBase/Sprites/12.4.png.meta
./Assets/RodyBase/Sprites/13.1.png.meta
./Assets/RodyBase/Sprites/13.2.png.meta
./Assets/RodyBase/Sprites/13.3.png.meta
./Assets/RodyBase/Sprites/13.4.png.meta
./Assets/RodyBase/Sprites/14.1.png.meta
./Assets/RodyBase/Sprites/14.2.png.meta
./Assets/RodyBase/Sprites/14.3.png.meta
./Assets/RodyBase/Sprites/14.4.png.meta
./Assets/RodyBase/Sprites/15.1.png.meta
./Assets/RodyBase/Sprites/15.2.png.meta
./Assets/RodyBase/Sprites/15.3.png.meta
./Assets/RodyBase/Sprites/15.4.png.meta
./Assets/RodyBase/Sprites/16.1.png.meta
./Assets/RodyBase/Sprites/16.2.png.meta
./Assets/RodyBase/Sprites/16.3.png.meta
./Assets/RodyBase/Sprites/16.4.png.meta
./Assets/RodyBase/Sprites/17.1.png.meta
./Assets/RodyBase/Sprites/17.2.png.meta
./Assets/RodyBase/Sprites/17.3.png.meta
./Assets/RodyBase/Sprites/17.4.png.meta
./Assets/RodyBase/Sprites/2.1.png.meta
./Assets/RodyBase/Sprites/2.2.png.meta
./Assets/RodyBase/Sprites/2.3.png.meta
./Assets/RodyBase/Sprites/2.4.png.meta
./Assets/RodyBase/Sprites/3.1.png.meta
./Assets/RodyBase/Sprites/3.2.png.meta
./Assets/RodyBase/Sprites/3.3.png.meta
./Assets/RodyBase/Sprites/3.4.png.meta
./Assets/RodyBase/Sprites/4.1.png.meta
./Assets/RodyBase/Sprites/4.2.png.meta
./Assets/RodyBase/Sprites/4.3.png.meta
./Assets/RodyBase/Sprites/4.4.png.meta
./Assets/RodyBase/Sprites/5.1.png.meta
./Assets/RodyBase/Sprites/5.2.png.meta
./Assets/RodyBase/Sprites/5.3.png.meta
./Assets/RodyBase/Sprites/5.4.png.meta
./Assets/RodyBase/Sprites/6.1.png.meta
./Assets/RodyBase/Sprites/6.2.png.meta
./Assets/RodyBase/Sprites/6.3.png.meta
./Assets/RodyBase/Sprites/6.4.png.meta
./Assets/RodyBase/Sprites/7.1.png.meta
./Assets/RodyBase/Sprites/7.2.png.meta
./Assets/RodyBase/Sprites/7.3.png.meta
./Assets/RodyBase/Sprites/7.4.png.meta
./Assets/RodyBase/Sprites/8.1.png.meta
./Assets/RodyBase/Sprites/8.2.png.meta
./Assets/RodyBase/Sprites/8.3.png.meta
./Assets/RodyBase/Sprites/8.4.png.meta
./Assets/RodyBase/Sprites/9.1.png.meta
./Assets/RodyBase/Sprites/9.2.png.meta
./Assets/RodyBase/Sprites/9.3.png.meta
./Assets/RodyBase/Sprites/9.4.png.meta
./Assets/Sounds/hackMusic1.wav.meta
./Assets/Sounds/hackMusic2.wav.meta
./Assets/Sounds/Musics/intros/i2.wav.asd.meta
./Assets/Sounds/Phonemes/0_rien.wav.asd.meta
./Assets/Sounds/Phonemes/10_ee.wav.asd.meta
./Assets/Sounds/Phonemes/10_ee.wav.meta
./Assets/Sounds/Phonemes/11_e.wav.asd.meta
./Assets/Sounds/Phonemes/11_e.wav.meta
./Assets/Sounds/Phonemes/12_an.wav.asd.meta
./Assets/Sounds/Phonemes/12_an.wav.meta
./Assets/Sounds/Phonemes/13_on.wav.asd.meta
./Assets/Sounds/Phonemes/13_on.wav.meta
./Assets/Sounds/Phonemes/14_in.wav.asd.meta
./Assets/Sounds/Phonemes/14_in.wav.meta
./Assets/Sounds/Phonemes/15_un.wav.asd.meta
./Assets/Sounds/Phonemes/15_un.wav.meta
./Assets/Sounds/Phonemes/17_oi.wav.asd.meta
./Assets/Sounds/Phonemes/17_oi.wav.meta
./Assets/Sounds/Phonemes/19_L.wav.asd.meta
./Assets/Sounds/Phonemes/1_i.wav.asd.meta
./Assets/Sounds/Phonemes/1_i.wav.meta
./Assets/Sounds/Phonemes/20_r.wav.asd.meta
./Assets/Sounds/Phonemes/20_r.wav.meta
./Assets/Sounds/Phonemes/21_P.wav.asd.meta
./Assets/Sounds/Phonemes/21_P.wav.meta
./Assets/Sounds/Phonemes/22_t.wav.asd.meta
./Assets/Sounds/Phonemes/22_t.wav.meta
./Assets/Sounds/Phonemes/23_c.wav.asd.meta
./Assets/Sounds/Phonemes/23_c.wav.meta
./Assets/Sounds/Phonemes/24_B.wav.asd.meta
./Assets/Sounds/Phonemes/24_B.wav.meta
./Assets/Sounds/Phonemes/25_D.wav.asd.meta
./Assets/Sounds/Phonemes/25_D.wav.meta
./Assets/Sounds/Phonemes/26_g.wav.asd.meta
./Assets/Sounds/Phonemes/26_g.wav.meta
./Assets/Sounds/Phonemes/27_M.wav.asd.meta
./Assets/Sounds/Phonemes/27_M.wav.meta
./Assets/Sounds/Phonemes/28_n.wav.asd.meta
./Assets/Sounds/Phonemes/28_n.wav.meta
./Assets/Sounds/Phonemes/29_GN.wav.asd.meta
./Assets/Sounds/Phonemes/2_u.wav.asd.meta
./Assets/Sounds/Phonemes/2_u.wav.meta
./Assets/Sounds/Phonemes/30_s.wav.asd.meta
./Assets/Sounds/Phonemes/30_s.wav.meta
./Assets/Sounds/Phonemes/31_f.wav.asd.meta
./Assets/Sounds/Phonemes/31_f.wav.meta
./Assets/Sounds/Phonemes/32_ch.wav.asd.meta
./Assets/Sounds/Phonemes/32_ch.wav.meta
./Assets/Sounds/Phonemes/33_Z.wav.asd.meta
./Assets/Sounds/Phonemes/33_Z.wav.meta
./Assets/Sounds/Phonemes/34_v.wav.asd.meta
./Assets/Sounds/Phonemes/34_v.wav.meta
./Assets/Sounds/Phonemes/35_j.wav.asd.meta
./Assets/Sounds/Phonemes/35_j.wav.meta
./Assets/Sounds/Phonemes/36_petitRien.wav.asd.meta
./Assets/Sounds/Phonemes/36_petitRien.wav.meta
./Assets/Sounds/Phonemes/3_ou.wav.asd.meta
./Assets/Sounds/Phonemes/3_ou.wav.meta
./Assets/Sounds/Phonemes/4_a.wav.asd.meta
./Assets/Sounds/Phonemes/4_a.wav.meta
./Assets/Sounds/Phonemes/5_oh.wav.asd.meta
./Assets/Sounds/Phonemes/5_oh.wav.meta
./Assets/Sounds/Phonemes/6_o.wav.asd.meta
./Assets/Sounds/Phonemes/6_o.wav.meta
./Assets/Sounds/Phonemes/7_é.wav.asd.meta
./Assets/Sounds/Phonemes/7_é.wav.meta
./Assets/Sounds/Phonemes/8_è.wav.asd.meta
./Assets/Sounds/Phonemes/8_è.wav.meta
./Assets/Sounds/Phonemes/9_eu.wav.asd.meta
./Assets/Sounds/Phonemes/9_eu.wav.meta
./Assets/Sounds/Phoneme_v2/26o_G.wav.meta
./Assets/Sounds/Phoneme_v2/38_bruitBlancLong.wav.meta
./Assets/Sounds/Phoneme_v2/popSound.wav.meta
./Assets/Sprites/banner-yt.jpg.meta
./Assets/Sprites/InputDialButton.png.meta
./Assets/Sprites/InputObjButton.png.meta
./Assets/Sprites/InputTextButton.png.meta
./Assets/Sprites/InputTitreButton.png.meta
./Assets/Sprites/Mastico_SpriteSheet_back.png.meta
./Assets/Sprites/Mastico_SpriteSheet_back.psd.meta
./Assets/Sprites/mouse/mouse_empty.png.meta
./Assets/Sprites/RodyMaker/13.png.meta
./Assets/Sprites/RodyMaker/14.1.png.meta
./Assets/Sprites/RodyMaker/14.png.meta
./Assets/Sprites/RodyMaker/20.png.meta
./Assets/Sprites/RodyMaker/23-intro.png.meta
./Assets/Sprites/RodyMaker/24-loop.png.meta
./Assets/Sprites/RodyMaker/4.png.meta
./Assets/Sprites/RodyMaker/5.png.meta
./Assets/Sprites/RodyMaker/7.png.meta
./Assets/Sprites/RodyMaker/9.png.meta
./Assets/Sprites/RodyMaker/anim2.png.meta
./Assets/Sprites/RodyMaker/IntroImage.png.meta
./Assets/Sprites/RodyMaker/Pitch.png.meta
./Assets/Sprites/RodyMaker/Tester.png.meta
./Assets/Sprites/scenes/image-trailer4_1.png.meta
./Assets/Sprites/scenes/image-trailer4_2.png.meta
./Assets/Sprites/scenes/image-trailer4_3.png.meta
./Assets/Sprites/scenes/scene10/10.2.png.meta
./Assets/Sprites/scenes/scene10/10.3.png.meta
./Assets/Sprites/scenes/scene10/10.4.png.meta
./Assets/Sprites/scenes/scene10/10.png.meta
./Assets/Sprites/scenes/scene11/11.2.png.meta
./Assets/Sprites/scenes/scene11/11.3.png.meta
./Assets/Sprites/scenes/scene11/11.4.png.meta
./Assets/Sprites/scenes/scene11/11.png.meta
./Assets/Sprites/scenes/scene12/12.2.png.meta
./Assets/Sprites/scenes/scene12/12.3.png.meta
./Assets/Sprites/scenes/scene12/12.4.png.meta
./Assets/Sprites/scenes/scene12/12.png.meta
./Assets/Sprites/scenes/scene13/13.2.png.meta
./Assets/Sprites/scenes/scene13/13.3.png.meta
./Assets/Sprites/scenes/scene13/13.4.png.meta
./Assets/Sprites/scenes/scene13/13.png.meta
./Assets/Sprites/scenes/scene14/14.2.png.meta
./Assets/Sprites/scenes/scene14/14.3.png.meta
./Assets/Sprites/scenes/scene14/14.4.png.meta
./Assets/Sprites/scenes/scene14/14.png.meta
./Assets/Sprites/scenes/scene15/15.2.png.meta
./Assets/Sprites/scenes/scene15/15.3.png.meta
./Assets/Sprites/scenes/scene15/15.4.png.meta
./Assets/Sprites/scenes/scene15/15.png.meta
./Assets/Sprites/scenes/scene16/16.2.png.meta
./Assets/Sprites/scenes/scene16/16.3.png.meta
./Assets/Sprites/scenes/scene16/16.4.png.meta
./Assets/Sprites/scenes/scene16/16.png.meta
./Assets/Sprites/scenes/scene16/16_Zambla.png.meta
./Assets/Sprites/scenes/scene17/17.2.png.meta
./Assets/Sprites/scenes/scene17/17.3.png.meta
./Assets/Sprites/scenes/scene17/17.4.png.meta
./Assets/Sprites/scenes/scene2/2.2.png.meta
./Assets/Sprites/scenes/scene2/2.3.png.meta
./Assets/Sprites/scenes/scene2/2.4.png.meta
./Assets/Sprites/scenes/scene2/2.png.meta
./Assets/Sprites/scenes/scene3/3.2.png.meta
./Assets/Sprites/scenes/scene3/3.3.png.meta
./Assets/Sprites/scenes/scene3/3.4.png.meta
./Assets/Sprites/scenes/scene3/3.png.meta
./Assets/Sprites/scenes/scene4/4.2.png.meta
./Assets/Sprites/scenes/scene4/4.3.png.meta
./Assets/Sprites/scenes/scene4/4.4.png.meta
./Assets/Sprites/scenes/scene4/4.png.meta
./Assets/Sprites/scenes/scene5/5.2.png.meta
./Assets/Sprites/scenes/scene5/5.3.png.meta
./Assets/Sprites/scenes/scene5/5.4.png.meta
./Assets/Sprites/scenes/scene5/5.png.meta
./Assets/Sprites/scenes/scene6/6.2.png.meta
./Assets/Sprites/scenes/scene6/6.3.png.meta
./Assets/Sprites/scenes/scene6/6.4.png.meta
./Assets/Sprites/scenes/scene6/6.png.meta
./Assets/Sprites/scenes/scene7/7.2.png.meta
./Assets/Sprites/scenes/scene7/7.3.png.meta
./Assets/Sprites/scenes/scene7/7.4.png.meta
./Assets/Sprites/scenes/scene7/7.png.meta
./Assets/Sprites/scenes/scene8/8.2.png.meta
./Assets/Sprites/scenes/scene8/8.3.png.meta
./Assets/Sprites/scenes/scene8/8.4.png.meta
./Assets/Sprites/scenes/scene8/8.png.meta
./Assets/Sprites/scenes/scene9/9.2.png.meta
./Assets/Sprites/scenes/scene9/9.3.png.meta
./Assets/Sprites/scenes/scene9/9.4.png.meta
./Assets/Sprites/scenes/scene9/9.png.meta
./Assets/Sprites/Title.png.meta
./Assets/Sprites/VMHyc8Wg_400x400.jpg.meta
./Assets/StandaloneFileBrowser/Plugins/Ookii.Dialogs.dll.meta
./Assets/StandaloneFileBrowser/Plugins/StandaloneFileBrowser.bundle/Contents/Info.plist.meta
./Assets/StandaloneFileBrowser/Plugins/StandaloneFileBrowser.bundle/Contents/MacOS/StandaloneFileBrowser.meta
./Assets/StandaloneFileBrowser/Plugins/StandaloneFileBrowser.jslib.meta
./Assets/StandaloneFileBrowser/Plugins/System.Windows.Forms.dll.meta
./Assets/StandaloneFileBrowser/Sample/BasicSampleScene.unity.meta
./Assets/StandaloneFileBrowser/Sample/CanvasSampleScene.unity.meta
